Partition Merge report for ds1302
Wed Aug 09 10:26:19 2017
Quartus Prime Version 17.0.0 Build 595 04/25/2017 SJ Lite Edition


---------------------
; Table of Contents ;
---------------------
  1. Legal Notice
  2. Partition Merge Summary
  3. Partition Merge Netlist Types Used
  4. Connections to In-System Debugging Instance "auto_signaltap_0"
  5. Partition Merge Partition Statistics
  6. Partition Merge Partition Pin Processing
  7. Partition Merge Resource Usage Summary
  8. Partition Merge RAM Summary
  9. Partition Merge Messages



----------------
; Legal Notice ;
----------------
Copyright (C) 2017  Intel Corporation. All rights reserved.
Your use of Intel Corporation's design tools, logic functions 
and other software and tools, and its AMPP partner logic 
functions, and any output files from any of the foregoing 
(including device programming or simulation files), and any 
associated documentation or information are expressly subject 
to the terms and conditions of the Intel Program License 
Subscription Agreement, the Intel Quartus Prime License Agreement,
the Intel MegaCore Function License Agreement, or other 
applicable license agreement, including, without limitation, 
that your use is for the sole purpose of programming logic 
devices manufactured by Intel and sold by Intel or its 
authorized distributors.  Please refer to the applicable 
agreement for further details.



+----------------------------------------------------------------------------------+
; Partition Merge Summary                                                          ;
+------------------------------------+---------------------------------------------+
; Partition Merge Status             ; Successful - Wed Aug 09 10:26:19 2017       ;
; Quartus Prime Version              ; 17.0.0 Build 595 04/25/2017 SJ Lite Edition ;
; Revision Name                      ; ds1302                                      ;
; Top-level Entity Name              ; ds1302                                      ;
; Family                             ; Cyclone IV E                                ;
; Total logic elements               ; 819                                         ;
;     Total combinational functions  ; 571                                         ;
;     Dedicated logic registers      ; 580                                         ;
; Total registers                    ; 580                                         ;
; Total pins                         ; 5                                           ;
; Total virtual pins                 ; 0                                           ;
; Total memory bits                  ; 11,264                                      ;
; Embedded Multiplier 9-bit elements ; 0                                           ;
; Total PLLs                         ; 0                                           ;
+------------------------------------+---------------------------------------------+


+-------------------------------------------------------------------------------------------------------------------------------+
; Partition Merge Netlist Types Used                                                                                            ;
+--------------------------------+----------------+-------------------+------------------------+--------------------------------+
; Partition Name                 ; Partition Type ; Netlist Type Used ; Netlist Type Requested ; Partition Contents             ;
+--------------------------------+----------------+-------------------+------------------------+--------------------------------+
; Top                            ; User-created   ; Source File       ; Source File            ;                                ;
; sld_hub:auto_hub               ; Auto-generated ; Post-Synthesis    ; Post-Synthesis         ; sld_hub:auto_hub               ;
; sld_signaltap:auto_signaltap_0 ; Auto-generated ; Post-Synthesis    ; Post-Synthesis         ; sld_signaltap:auto_signaltap_0 ;
; hard_block:auto_generated_inst ; Auto-generated ; Source File       ; Source File            ; hard_block:auto_generated_inst ;
+--------------------------------+----------------+-------------------+------------------------+--------------------------------+


+----------------------------------------------------------------------------------------------------------------------------------------------------------------------------------------------------------------------------------------+
; Connections to In-System Debugging Instance "auto_signaltap_0"                                                                                                                                                                         ;
+----------------------+---------------+-----------+--------------------------------+-------------------+-------------------------------------+------------------------------------------------------------------------------------------+
; Name                 ; Type          ; Status    ; Partition Name                 ; Netlist Type Used ; Actual Connection                   ; Details                                                                                  ;
+----------------------+---------------+-----------+--------------------------------+-------------------+-------------------------------------+------------------------------------------------------------------------------------------+
; clkdiv:inst|clkout   ; pre-synthesis ; connected ; Top                            ; post-synthesis    ; clkdiv:inst|clkout                  ; N/A                                                                                      ;
; auto_signaltap_0|gnd ; post-fitting  ; connected ; sld_signaltap:auto_signaltap_0 ; post-synthesis    ; sld_signaltap:auto_signaltap_0|~GND ; N/A                                                                                      ;
; auto_signaltap_0|gnd ; post-fitting  ; connected ; sld_signaltap:auto_signaltap_0 ; post-synthesis    ; sld_signaltap:auto_signaltap_0|~GND ; N/A                                                                                      ;
; auto_signaltap_0|gnd ; post-fitting  ; connected ; sld_signaltap:auto_signaltap_0 ; post-synthesis    ; sld_signaltap:auto_signaltap_0|~GND ; N/A                                                                                      ;
; auto_signaltap_0|gnd ; post-fitting  ; connected ; sld_signaltap:auto_signaltap_0 ; post-synthesis    ; sld_signaltap:auto_signaltap_0|~GND ; N/A                                                                                      ;
; auto_signaltap_0|gnd ; post-fitting  ; connected ; sld_signaltap:auto_signaltap_0 ; post-synthesis    ; sld_signaltap:auto_signaltap_0|~GND ; N/A                                                                                      ;
; auto_signaltap_0|gnd ; post-fitting  ; connected ; sld_signaltap:auto_signaltap_0 ; post-synthesis    ; sld_signaltap:auto_signaltap_0|~GND ; N/A                                                                                      ;
; auto_signaltap_0|gnd ; post-fitting  ; connected ; sld_signaltap:auto_signaltap_0 ; post-synthesis    ; sld_signaltap:auto_signaltap_0|~GND ; N/A                                                                                      ;
; auto_signaltap_0|gnd ; post-fitting  ; connected ; sld_signaltap:auto_signaltap_0 ; post-synthesis    ; sld_signaltap:auto_signaltap_0|~GND ; N/A                                                                                      ;
; auto_signaltap_0|gnd ; post-fitting  ; connected ; sld_signaltap:auto_signaltap_0 ; post-synthesis    ; sld_signaltap:auto_signaltap_0|~GND ; N/A                                                                                      ;
; auto_signaltap_0|gnd ; post-fitting  ; connected ; sld_signaltap:auto_signaltap_0 ; post-synthesis    ; sld_signaltap:auto_signaltap_0|~GND ; N/A                                                                                      ;
; auto_signaltap_0|gnd ; post-fitting  ; connected ; sld_signaltap:auto_signaltap_0 ; post-synthesis    ; sld_signaltap:auto_signaltap_0|~GND ; N/A                                                                                      ;
; auto_signaltap_0|gnd ; post-fitting  ; connected ; sld_signaltap:auto_signaltap_0 ; post-synthesis    ; sld_signaltap:auto_signaltap_0|~GND ; N/A                                                                                      ;
; auto_signaltap_0|gnd ; post-fitting  ; connected ; sld_signaltap:auto_signaltap_0 ; post-synthesis    ; sld_signaltap:auto_signaltap_0|~GND ; N/A                                                                                      ;
; auto_signaltap_0|gnd ; post-fitting  ; connected ; sld_signaltap:auto_signaltap_0 ; post-synthesis    ; sld_signaltap:auto_signaltap_0|~GND ; N/A                                                                                      ;
; auto_signaltap_0|gnd ; post-fitting  ; connected ; sld_signaltap:auto_signaltap_0 ; post-synthesis    ; sld_signaltap:auto_signaltap_0|~GND ; N/A                                                                                      ;
; auto_signaltap_0|gnd ; post-fitting  ; connected ; sld_signaltap:auto_signaltap_0 ; post-synthesis    ; sld_signaltap:auto_signaltap_0|~GND ; N/A                                                                                      ;
; auto_signaltap_0|gnd ; post-fitting  ; connected ; sld_signaltap:auto_signaltap_0 ; post-synthesis    ; sld_signaltap:auto_signaltap_0|~GND ; N/A                                                                                      ;
; auto_signaltap_0|gnd ; post-fitting  ; connected ; sld_signaltap:auto_signaltap_0 ; post-synthesis    ; sld_signaltap:auto_signaltap_0|~GND ; N/A                                                                                      ;
; auto_signaltap_0|vcc ; post-fitting  ; connected ; sld_signaltap:auto_signaltap_0 ; post-synthesis    ; sld_signaltap:auto_signaltap_0|~VCC ; N/A                                                                                      ;
; auto_signaltap_0|vcc ; post-fitting  ; connected ; sld_signaltap:auto_signaltap_0 ; post-synthesis    ; sld_signaltap:auto_signaltap_0|~VCC ; N/A                                                                                      ;
; auto_signaltap_0|vcc ; post-fitting  ; connected ; sld_signaltap:auto_signaltap_0 ; post-synthesis    ; sld_signaltap:auto_signaltap_0|~VCC ; N/A                                                                                      ;
; auto_signaltap_0|vcc ; post-fitting  ; connected ; sld_signaltap:auto_signaltap_0 ; post-synthesis    ; sld_signaltap:auto_signaltap_0|~VCC ; N/A                                                                                      ;
; auto_signaltap_0|vcc ; post-fitting  ; connected ; sld_signaltap:auto_signaltap_0 ; post-synthesis    ; sld_signaltap:auto_signaltap_0|~VCC ; N/A                                                                                      ;
; auto_signaltap_0|vcc ; post-fitting  ; connected ; sld_signaltap:auto_signaltap_0 ; post-synthesis    ; sld_signaltap:auto_signaltap_0|~VCC ; N/A                                                                                      ;
; auto_signaltap_0|vcc ; post-fitting  ; connected ; sld_signaltap:auto_signaltap_0 ; post-synthesis    ; sld_signaltap:auto_signaltap_0|~VCC ; N/A                                                                                      ;
; auto_signaltap_0|vcc ; post-fitting  ; connected ; sld_signaltap:auto_signaltap_0 ; post-synthesis    ; sld_signaltap:auto_signaltap_0|~VCC ; N/A                                                                                      ;
; auto_signaltap_0|vcc ; post-fitting  ; connected ; sld_signaltap:auto_signaltap_0 ; post-synthesis    ; sld_signaltap:auto_signaltap_0|~VCC ; N/A                                                                                      ;
; auto_signaltap_0|vcc ; post-fitting  ; connected ; sld_signaltap:auto_signaltap_0 ; post-synthesis    ; sld_signaltap:auto_signaltap_0|~VCC ; N/A                                                                                      ;
; auto_signaltap_0|vcc ; post-fitting  ; connected ; sld_signaltap:auto_signaltap_0 ; post-synthesis    ; sld_signaltap:auto_signaltap_0|~VCC ; N/A                                                                                      ;
; auto_signaltap_0|vcc ; post-fitting  ; connected ; sld_signaltap:auto_signaltap_0 ; post-synthesis    ; sld_signaltap:auto_signaltap_0|~VCC ; N/A                                                                                      ;
; auto_signaltap_0|vcc ; post-fitting  ; connected ; sld_signaltap:auto_signaltap_0 ; post-synthesis    ; sld_signaltap:auto_signaltap_0|~VCC ; N/A                                                                                      ;
; auto_signaltap_0|vcc ; post-fitting  ; connected ; sld_signaltap:auto_signaltap_0 ; post-synthesis    ; sld_signaltap:auto_signaltap_0|~VCC ; N/A                                                                                      ;
; spi:inst1|cnt[0]~0   ; post-fitting  ; connected ; Top                            ; post-synthesis    ; spi:inst1|cnt[0]~0                  ; N/A                                                                                      ;
; spi:inst1|cnt[0]~0   ; post-fitting  ; connected ; Top                            ; post-synthesis    ; spi:inst1|cnt[0]~0                  ; N/A                                                                                      ;
; spi:inst1|cnt[0]~1   ; post-fitting  ; connected ; Top                            ; post-synthesis    ; spi:inst1|cnt[0]~1                  ; N/A                                                                                      ;
; spi:inst1|cnt[0]~1   ; post-fitting  ; connected ; Top                            ; post-synthesis    ; spi:inst1|cnt[0]~1                  ; N/A                                                                                      ;
; spi:inst1|cnt[0]~2   ; post-fitting  ; connected ; Top                            ; post-synthesis    ; spi:inst1|cnt[0]~2                  ; N/A                                                                                      ;
; spi:inst1|cnt[0]~2   ; post-fitting  ; connected ; Top                            ; post-synthesis    ; spi:inst1|cnt[0]~2                  ; N/A                                                                                      ;
; spi:inst1|cnt[0]~3   ; post-fitting  ; connected ; Top                            ; post-synthesis    ; spi:inst1|cnt[0]~3                  ; N/A                                                                                      ;
; spi:inst1|cnt[0]~3   ; post-fitting  ; connected ; Top                            ; post-synthesis    ; spi:inst1|cnt[0]~3                  ; N/A                                                                                      ;
; spi:inst1|cnt[1]~6   ; post-fitting  ; missing   ; Top                            ; post-synthesis    ; GND                                 ; The post-fitting netlist is not being used.  Set the partition's netlist type to source. ;
; spi:inst1|cnt[1]~6   ; post-fitting  ; missing   ; Top                            ; post-synthesis    ; GND                                 ; The post-fitting netlist is not being used.  Set the partition's netlist type to source. ;
; spi:inst1|cnt[2]~8   ; post-fitting  ; missing   ; Top                            ; post-synthesis    ; GND                                 ; The post-fitting netlist is not being used.  Set the partition's netlist type to source. ;
; spi:inst1|cnt[2]~8   ; post-fitting  ; missing   ; Top                            ; post-synthesis    ; GND                                 ; The post-fitting netlist is not being used.  Set the partition's netlist type to source. ;
; spi:inst1|cnt[3]~7   ; post-fitting  ; missing   ; Top                            ; post-synthesis    ; GND                                 ; The post-fitting netlist is not being used.  Set the partition's netlist type to source. ;
; spi:inst1|cnt[3]~7   ; post-fitting  ; missing   ; Top                            ; post-synthesis    ; GND                                 ; The post-fitting netlist is not being used.  Set the partition's netlist type to source. ;
; spi:inst1|cnt[4]~4   ; post-fitting  ; connected ; Top                            ; post-synthesis    ; spi:inst1|cnt[4]~4                  ; N/A                                                                                      ;
; spi:inst1|cnt[4]~4   ; post-fitting  ; connected ; Top                            ; post-synthesis    ; spi:inst1|cnt[4]~4                  ; N/A                                                                                      ;
; spi:inst1|cnt[4]~5   ; post-fitting  ; connected ; Top                            ; post-synthesis    ; spi:inst1|cnt[4]~5                  ; N/A                                                                                      ;
; spi:inst1|cnt[4]~5   ; post-fitting  ; connected ; Top                            ; post-synthesis    ; spi:inst1|cnt[4]~5                  ; N/A                                                                                      ;
; spi:inst1|cnt[5]~9   ; post-fitting  ; connected ; Top                            ; post-synthesis    ; spi:inst1|cnt[5]~9                  ; N/A                                                                                      ;
; spi:inst1|cnt[5]~9   ; post-fitting  ; connected ; Top                            ; post-synthesis    ; spi:inst1|cnt[5]~9                  ; N/A                                                                                      ;
; spi:inst1|io_dir     ; post-fitting  ; connected ; Top                            ; post-synthesis    ; spi:inst1|io_dir                    ; N/A                                                                                      ;
; spi:inst1|io_dir     ; post-fitting  ; connected ; Top                            ; post-synthesis    ; spi:inst1|io_dir                    ; N/A                                                                                      ;
+----------------------+---------------+-----------+--------------------------------+-------------------+-------------------------------------+------------------------------------------------------------------------------------------+


+----------------------------------------------------------------------------------------------------------------------------------------+
; Partition Merge Partition Statistics                                                                                                   ;
+---------------------------------------------+-----+------------------+--------------------------------+--------------------------------+
; Statistic                                   ; Top ; sld_hub:auto_hub ; sld_signaltap:auto_signaltap_0 ; hard_block:auto_generated_inst ;
+---------------------------------------------+-----+------------------+--------------------------------+--------------------------------+
; Estimated Total logic elements              ; 75  ; 153              ; 596                            ; 0                              ;
;                                             ;     ;                  ;                                ;                                ;
; Total combinational functions               ; 75  ; 126              ; 370                            ; 0                              ;
; Logic element usage by number of LUT inputs ;     ;                  ;                                ;                                ;
;     -- 4 input functions                    ; 31  ; 54               ; 147                            ; 0                              ;
;     -- 3 input functions                    ; 14  ; 36               ; 115                            ; 0                              ;
;     -- <=2 input functions                  ; 30  ; 36               ; 108                            ; 0                              ;
;                                             ;     ;                  ;                                ;                                ;
; Logic elements by mode                      ;     ;                  ;                                ;                                ;
;     -- normal mode                          ; 57  ; 118              ; 292                            ; 0                              ;
;     -- arithmetic mode                      ; 18  ; 8                ; 78                             ; 0                              ;
;                                             ;     ;                  ;                                ;                                ;
; Total registers                             ; 28  ; 91               ; 461                            ; 0                              ;
;     -- Dedicated logic registers            ; 28  ; 91               ; 461                            ; 0                              ;
;     -- I/O registers                        ; 0   ; 0                ; 0                              ; 0                              ;
;                                             ;     ;                  ;                                ;                                ;
; Virtual pins                                ; 0   ; 0                ; 0                              ; 0                              ;
; I/O pins                                    ; 5   ; 0                ; 0                              ; 0                              ;
; Embedded Multiplier 9-bit elements          ; 0   ; 0                ; 0                              ; 0                              ;
; Total memory bits                           ; 0   ; 0                ; 11264                          ; 0                              ;
; Total RAM block bits                        ; 0   ; 0                ; 0                              ; 0                              ;
; JTAG                                        ; 1   ; 0                ; 0                              ; 0                              ;
;                                             ;     ;                  ;                                ;                                ;
; Connections                                 ;     ;                  ;                                ;                                ;
;     -- Input Connections                    ; 2   ; 134              ; 692                            ; 0                              ;
;     -- Registered Input Connections         ; 0   ; 102              ; 513                            ; 0                              ;
;     -- Output Connections                   ; 634 ; 160              ; 34                             ; 0                              ;
;     -- Registered Output Connections        ; 234 ; 160              ; 0                              ; 0                              ;
;                                             ;     ;                  ;                                ;                                ;
; Internal Connections                        ;     ;                  ;                                ;                                ;
;     -- Total Connections                    ; 956 ; 849              ; 2926                           ; 0                              ;
;     -- Registered Connections               ; 376 ; 620              ; 1728                           ; 0                              ;
;                                             ;     ;                  ;                                ;                                ;
; External Connections                        ;     ;                  ;                                ;                                ;
;     -- Top                                  ; 2   ; 123              ; 511                            ; 0                              ;
;     -- sld_hub:auto_hub                     ; 123 ; 20               ; 151                            ; 0                              ;
;     -- sld_signaltap:auto_signaltap_0       ; 511 ; 151              ; 64                             ; 0                              ;
;     -- hard_block:auto_generated_inst       ; 0   ; 0                ; 0                              ; 0                              ;
;                                             ;     ;                  ;                                ;                                ;
; Partition Interface                         ;     ;                  ;                                ;                                ;
;     -- Input Ports                          ; 5   ; 45               ; 102                            ; 0                              ;
;     -- Output Ports                         ; 4   ; 62               ; 37                             ; 0                              ;
;     -- Bidir Ports                          ; 1   ; 0                ; 0                              ; 0                              ;
;                                             ;     ;                  ;                                ;                                ;
; Registered Ports                            ;     ;                  ;                                ;                                ;
;     -- Registered Input Ports               ; 0   ; 4                ; 28                             ; 0                              ;
;     -- Registered Output Ports              ; 0   ; 29               ; 23                             ; 0                              ;
;                                             ;     ;                  ;                                ;                                ;
; Port Connectivity                           ;     ;                  ;                                ;                                ;
;     -- Input Ports driven by GND            ; 0   ; 0                ; 24                             ; 0                              ;
;     -- Output Ports driven by GND           ; 0   ; 28               ; 2                              ; 0                              ;
;     -- Input Ports driven by VCC            ; 0   ; 0                ; 14                             ; 0                              ;
;     -- Output Ports driven by VCC           ; 0   ; 0                ; 1                              ; 0                              ;
;     -- Input Ports with no Source           ; 0   ; 25               ; 15                             ; 0                              ;
;     -- Output Ports with no Source          ; 0   ; 0                ; 0                              ; 0                              ;
;     -- Input Ports with no Fanout           ; 0   ; 30               ; 29                             ; 0                              ;
;     -- Output Ports with no Fanout          ; 0   ; 29               ; 25                             ; 0                              ;
+---------------------------------------------+-----+------------------+--------------------------------+--------------------------------+
Note: Resource usage numbers presented for Partitions containing post-synthesis logic are estimates.  For Partitions containing post-fit logic, resource usage numbers are accurate based on previous placement information.  Actual Fitter results may vary depending on current Fitter Preservation Level assignments.


+-----------------------------------------------------------------------------------------------------------------------+
; Partition Merge Partition Pin Processing                                                                              ;
+-----------------------------------+-----------+---------------+----------+--------------------------------------------+
; Name                              ; Partition ; Type          ; Location ; Status                                     ;
+-----------------------------------+-----------+---------------+----------+--------------------------------------------+
; altera_reserved_tck               ; Top       ; Input Port    ; n/a      ;                                            ;
;     -- altera_reserved_tck        ; Top       ; Input Pad     ; Unplaced ; Synthesized                                ;
;     -- altera_reserved_tck~input  ; Top       ; Input Buffer  ; Unplaced ; Synthesized                                ;
;                                   ;           ;               ;          ;                                            ;
; altera_reserved_tdi               ; Top       ; Input Port    ; n/a      ;                                            ;
;     -- altera_reserved_tdi        ; Top       ; Input Pad     ; Unplaced ; Synthesized                                ;
;     -- altera_reserved_tdi~input  ; Top       ; Input Buffer  ; Unplaced ; Synthesized                                ;
;                                   ;           ;               ;          ;                                            ;
; altera_reserved_tdo               ; Top       ; Output Port   ; n/a      ;                                            ;
;     -- altera_reserved_tdo        ; Top       ; Output Pad    ; Unplaced ; Synthesized                                ;
;     -- altera_reserved_tdo~output ; Top       ; Output Buffer ; Unplaced ; Synthesized                                ;
;                                   ;           ;               ;          ;                                            ;
; altera_reserved_tms               ; Top       ; Input Port    ; n/a      ;                                            ;
;     -- altera_reserved_tms        ; Top       ; Input Pad     ; Unplaced ; Synthesized                                ;
;     -- altera_reserved_tms~input  ; Top       ; Input Buffer  ; Unplaced ; Synthesized                                ;
;                                   ;           ;               ;          ;                                            ;
; ce                                ; Top       ; Output Port   ; n/a      ;                                            ;
;     -- ce                         ; Top       ; Output Pad    ; Unplaced ; Synthesized                                ;
;     -- ce~output                  ; Top       ; Output Buffer ; Unplaced ; Synthesized                                ;
;                                   ;           ;               ;          ;                                            ;
; clk50                             ; Top       ; Input Port    ; n/a      ;                                            ;
;     -- clk50                      ; Top       ; Input Pad     ; Unplaced ; Synthesized                                ;
;     -- clk50~input                ; Top       ; Input Buffer  ; Unplaced ; Synthesized                                ;
;                                   ;           ;               ;          ;                                            ;
; io                                ; Top       ; Bidir Port    ; n/a      ;                                            ;
;     -- io                         ; Top       ; Bidir Pad     ; Unplaced ; Synthesized                                ;
;     -- io~output                  ; Top       ; Output Buffer ; Unplaced ; Preserved from Synthesis Netlist (WYSIWYG) ;
;                                   ;           ;               ;          ;                                            ;
; pre_syn.bp.inst_clkout            ; Top       ; Output Port   ; n/a      ;                                            ;
;                                   ;           ;               ;          ;                                            ;
; rst_n                             ; Top       ; Input Port    ; n/a      ;                                            ;
;     -- rst_n                      ; Top       ; Input Pad     ; Unplaced ; Synthesized                                ;
;     -- rst_n~input                ; Top       ; Input Buffer  ; Unplaced ; Synthesized                                ;
;                                   ;           ;               ;          ;                                            ;
; sclk                              ; Top       ; Output Port   ; n/a      ;                                            ;
;     -- sclk                       ; Top       ; Output Pad    ; Unplaced ; Synthesized                                ;
;     -- sclk~output                ; Top       ; Output Buffer ; Unplaced ; Synthesized                                ;
;                                   ;           ;               ;          ;                                            ;
+-----------------------------------+-----------+---------------+----------+--------------------------------------------+


+------------------------------------------------------------------------+
; Partition Merge Resource Usage Summary                                 ;
+---------------------------------------------+--------------------------+
; Resource                                    ; Usage                    ;
+---------------------------------------------+--------------------------+
; Estimated Total logic elements              ; 819                      ;
;                                             ;                          ;
; Total combinational functions               ; 571                      ;
; Logic element usage by number of LUT inputs ;                          ;
;     -- 4 input functions                    ; 232                      ;
;     -- 3 input functions                    ; 165                      ;
;     -- <=2 input functions                  ; 174                      ;
;                                             ;                          ;
; Logic elements by mode                      ;                          ;
;     -- normal mode                          ; 467                      ;
;     -- arithmetic mode                      ; 104                      ;
;                                             ;                          ;
; Total registers                             ; 580                      ;
;     -- Dedicated logic registers            ; 580                      ;
;     -- I/O registers                        ; 0                        ;
;                                             ;                          ;
; I/O pins                                    ; 5                        ;
; Total memory bits                           ; 11264                    ;
;                                             ;                          ;
; Embedded Multiplier 9-bit elements          ; 0                        ;
;                                             ;                          ;
; Maximum fan-out node                        ; altera_internal_jtag~TDO ;
; Maximum fan-out                             ; 366                      ;
; Total fan-out                               ; 3913                     ;
; Average fan-out                             ; 3.31                     ;
+---------------------------------------------+--------------------------+


+------------------------------------------------------------------------------------------------------------------------------------------------------------------------------------------------------------------------------------------------------------------------------------------------------------+
; Partition Merge RAM Summary                                                                                                                                                                                                                                                                                ;
+-------------------------------------------------------------------------------------------------------------------------------------------------------------------------------------------------------+------+------------------+--------------+--------------+--------------+--------------+-------+------+
; Name                                                                                                                                                                                                  ; Type ; Mode             ; Port A Depth ; Port A Width ; Port B Depth ; Port B Width ; Size  ; MIF  ;
+-------------------------------------------------------------------------------------------------------------------------------------------------------------------------------------------------------+------+------------------+--------------+--------------+--------------+--------------+-------+------+
; sld_signaltap:auto_signaltap_0|sld_signaltap_impl:sld_signaltap_body|sld_signaltap_implb:sld_signaltap_body|altsyncram:\stp_non_zero_ram_gen:stp_buffer_ram|altsyncram_6a24:auto_generated|ALTSYNCRAM ; AUTO ; Simple Dual Port ; 1024         ; 11           ; 1024         ; 11           ; 11264 ; None ;
+-------------------------------------------------------------------------------------------------------------------------------------------------------------------------------------------------------+------+------------------+--------------+--------------+--------------+--------------+-------+------+


+--------------------------+
; Partition Merge Messages ;
+--------------------------+
Info: *******************************************************************
Info: Running Quartus Prime Partition Merge
    Info: Version 17.0.0 Build 595 04/25/2017 SJ Lite Edition
    Info: Processing started: Wed Aug 09 10:26:17 2017
Info: Command: quartus_cdb --read_settings_files=off --write_settings_files=off ds1302 -c ds1302 --merge=on
Warning (18236): Number of processors has not been specified which may cause overloading on shared machines.  Set the global assignment NUM_PARALLEL_PROCESSORS in your QSF to an appropriate value for best performance.
Info (35007): Using synthesis netlist for partition "Top"
Info (35007): Using synthesis netlist for partition "sld_hub:auto_hub"
Info (35007): Using synthesis netlist for partition "sld_signaltap:auto_signaltap_0"
Critical Warning (35025): Partially connected in-system debug instance "auto_signaltap_0" to 49 of its 55 required data inputs, trigger inputs, acquisition clocks, and dynamic pins.  There were 0 illegal, 0 inaccessible, and 6 missing sources or connections.
Info (35002): Resolved and merged 3 partition(s)
Info (16010): Generating hard_block partition "hard_block:auto_generated_inst"
    Info (16011): Adding 0 node(s), including 0 DDIO, 0 PLL, 0 transceiver and 0 LCELL
Critical Warning (138067): Current license file does not support incremental compilation. The Quartus Prime software removes all the user-specified design partitions in the design automatically.
Info (21057): Implemented 863 device resources after synthesis - the final resource count might be different
    Info (21058): Implemented 5 input pins
    Info (21059): Implemented 3 output pins
    Info (21060): Implemented 1 bidirectional pins
    Info (21061): Implemented 842 logic cells
    Info (21064): Implemented 11 RAM segments
Info: Quartus Prime Partition Merge was successful. 0 errors, 3 warnings
    Info: Peak virtual memory: 578 megabytes
    Info: Processing ended: Wed Aug 09 10:26:19 2017
    Info: Elapsed time: 00:00:02
    Info: Total CPU time (on all processors): 00:00:01


